npm error code ERESOLVE
npm error ERESOLVE unable to resolve dependency tree
npm error
npm error While resolving: lms-project@0.1.0
npm error Found: storybook@8.2.10
npm error node_modules/storybook
npm error   dev storybook@"8.2.10" from the root project
npm error
npm error Could not resolve dependency:
npm error peer storybook@"^9.0.18" from eslint-plugin-storybook@9.0.18
npm error node_modules/eslint-plugin-storybook
npm error   dev eslint-plugin-storybook@"*" from the root project
npm error
npm error Fix the upstream dependency conflict, or retry
npm error this command with --force or --legacy-peer-deps
npm error to accept an incorrect (and potentially broken) dependency resolution.
npm error
npm error
npm error For a full report see:
npm error C:\Users\Mehdi\AppData\Local\npm-cache\_logs\2025-07-29T05_30_06_217Z-eresolve-report.txt
npm error A complete log of this run can be found in: C:\Users\Mehdi\AppData\Local\npm-cache\_logs\2025-07-29T05_30_06_217Z-debug-0.log
